<?xml version="1.0" encoding="UTF-8"?>
<testng-results ignored="0" total="1" passed="1" failed="0" skipped="0">
  <reporter-output>
  </reporter-output>
  <suite started-at="2024-05-16T23:36:03 IST" name="Default suite" finished-at="2024-05-16T23:36:27 IST" duration-ms="24160">
    <groups>
    </groups>
    <test started-at="2024-05-16T23:36:03 IST" name="Default test" finished-at="2024-05-16T23:36:27 IST" duration-ms="24160">
      <class name="FrameWorks.ExtentReports.ExtentReportDemo">
        <test-method is-config="true" signature="config()[pri:0, instance:FrameWorks.ExtentReports.ExtentReportDemo@6caf0677]" started-at="2024-05-16T23:36:03 IST" name="config" finished-at="2024-05-16T23:36:04 IST" duration-ms="269" status="PASS">
          <reporter-output>
          </reporter-output>
        </test-method> <!-- config -->
        <test-method signature="initialDemo()[pri:0, instance:FrameWorks.ExtentReports.ExtentReportDemo@6caf0677]" started-at="2024-05-16T23:36:04 IST" name="initialDemo" finished-at="2024-05-16T23:36:27 IST" duration-ms="23824" status="PASS">
          <reporter-output>
          </reporter-output>
        </test-method> <!-- initialDemo -->
      </class> <!-- FrameWorks.ExtentReports.ExtentReportDemo -->
    </test> <!-- Default test -->
  </suite> <!-- Default suite -->
</testng-results>
