<?xml version="1.0" encoding="UTF-8"?>
<testng-results ignored="0" total="4" passed="4" failed="0" skipped="0">
  <reporter-output>
  </reporter-output>
  <suite started-at="2024-05-23T20:37:22 IST" name="Suite" finished-at="2024-05-23T20:38:06 IST" duration-ms="43184">
    <groups>
      <group name="ErrorHandling">
        <method signature="ErrorValidationsTest.LoginErrorValidation()[pri:0, instance:FrameWorks.MavenFrameworkDesign.ErrorValidationsTest@74f5ce22]" name="LoginErrorValidation" class="FrameWorks.MavenFrameworkDesign.ErrorValidationsTest"/>
      </group> <!-- ErrorHandling -->
      <group name="Purchase">
        <method signature="SubmitOrderTest.submitOrderTest(java.util.HashMap)[pri:0, instance:FrameWorks.MavenFrameworkDesign.SubmitOrderTest@545b995e]" name="submitOrderTest" class="FrameWorks.MavenFrameworkDesign.SubmitOrderTest"/>
      </group> <!-- Purchase -->
    </groups>
    <test started-at="2024-05-23T20:37:22 IST" name="Error Validation" finished-at="2024-05-23T20:37:43 IST" duration-ms="20224">
      <class name="FrameWorks.MavenFrameworkDesign.ErrorValidationsTest">
        <test-method is-config="true" signature="launchApplication()[pri:0, instance:FrameWorks.MavenFrameworkDesign.ErrorValidationsTest@74f5ce22]" started-at="2024-05-23T20:37:23 IST" name="launchApplication" finished-at="2024-05-23T20:37:37 IST" duration-ms="14299" status="PASS">
          <reporter-output>
          </reporter-output>
        </test-method> <!-- launchApplication -->
        <test-method signature="LoginErrorValidation()[pri:0, instance:FrameWorks.MavenFrameworkDesign.ErrorValidationsTest@74f5ce22]" started-at="2024-05-23T20:37:37 IST" name="LoginErrorValidation" finished-at="2024-05-23T20:37:40 IST" duration-ms="2663" status="PASS">
          <reporter-output>
          </reporter-output>
        </test-method> <!-- LoginErrorValidation -->
        <test-method is-config="true" signature="tearDown()[pri:0, instance:FrameWorks.MavenFrameworkDesign.ErrorValidationsTest@74f5ce22]" started-at="2024-05-23T20:37:40 IST" name="tearDown" finished-at="2024-05-23T20:37:43 IST" duration-ms="2903" status="PASS">
          <reporter-output>
          </reporter-output>
        </test-method> <!-- tearDown -->
      </class> <!-- FrameWorks.MavenFrameworkDesign.ErrorValidationsTest -->
    </test> <!-- Error Validation -->
    <test started-at="2024-05-23T20:37:22 IST" name="Submit Order Test" finished-at="2024-05-23T20:38:06 IST" duration-ms="43184">
      <class name="FrameWorks.MavenFrameworkDesign.SubmitOrderTest">
        <test-method is-config="true" signature="launchApplication()[pri:0, instance:FrameWorks.MavenFrameworkDesign.SubmitOrderTest@545b995e]" started-at="2024-05-23T20:37:25 IST" name="launchApplication" finished-at="2024-05-23T20:37:37 IST" duration-ms="12350" status="PASS">
          <reporter-output>
          </reporter-output>
        </test-method> <!-- launchApplication -->
        <test-method signature="submitOrderTest(java.util.HashMap)[pri:0, instance:FrameWorks.MavenFrameworkDesign.SubmitOrderTest@545b995e]" started-at="2024-05-23T20:37:37 IST" name="submitOrderTest" data-provider="getData" finished-at="2024-05-23T20:37:44 IST" duration-ms="6672" status="PASS">
          <params>
            <param index="0">
              <value>
                <![CDATA[{password=Thisistest@1, email=rahulshettytest1@gmail.com, productName=ZARA COAT 3}]]>
              </value>
            </param>
          </params>
          <reporter-output>
          </reporter-output>
        </test-method> <!-- submitOrderTest -->
        <test-method is-config="true" signature="tearDown()[pri:0, instance:FrameWorks.MavenFrameworkDesign.SubmitOrderTest@545b995e]" started-at="2024-05-23T20:37:44 IST" name="tearDown" finished-at="2024-05-23T20:37:46 IST" duration-ms="2080" status="PASS">
          <reporter-output>
          </reporter-output>
        </test-method> <!-- tearDown -->
        <test-method is-config="true" signature="launchApplication()[pri:0, instance:FrameWorks.MavenFrameworkDesign.SubmitOrderTest@545b995e]" started-at="2024-05-23T20:37:46 IST" name="launchApplication" finished-at="2024-05-23T20:37:51 IST" duration-ms="5098" status="PASS">
          <reporter-output>
          </reporter-output>
        </test-method> <!-- launchApplication -->
        <test-method signature="submitOrderTest(java.util.HashMap)[pri:0, instance:FrameWorks.MavenFrameworkDesign.SubmitOrderTest@545b995e]" started-at="2024-05-23T20:37:51 IST" name="submitOrderTest" data-provider="getData" finished-at="2024-05-23T20:37:54 IST" duration-ms="3321" status="PASS">
          <params>
            <param index="0">
              <value>
                <![CDATA[{password=Iamking@000, email=anshika@gmail.com, productName=ADIDAS ORIGINAL}]]>
              </value>
            </param>
          </params>
          <reporter-output>
          </reporter-output>
        </test-method> <!-- submitOrderTest -->
        <test-method is-config="true" signature="tearDown()[pri:0, instance:FrameWorks.MavenFrameworkDesign.SubmitOrderTest@545b995e]" started-at="2024-05-23T20:37:54 IST" name="tearDown" finished-at="2024-05-23T20:37:57 IST" duration-ms="2214" status="PASS">
          <reporter-output>
          </reporter-output>
        </test-method> <!-- tearDown -->
        <test-method is-config="true" signature="launchApplication()[pri:0, instance:FrameWorks.MavenFrameworkDesign.SubmitOrderTest@545b995e]" started-at="2024-05-23T20:37:57 IST" name="launchApplication" finished-at="2024-05-23T20:38:01 IST" duration-ms="4862" status="PASS">
          <reporter-output>
          </reporter-output>
        </test-method> <!-- launchApplication -->
        <test-method signature="ordeHistoryTest()[pri:0, instance:FrameWorks.MavenFrameworkDesign.SubmitOrderTest@545b995e]" started-at="2024-05-23T20:38:01 IST" name="ordeHistoryTest" finished-at="2024-05-23T20:38:03 IST" depends-on-methods="FrameWorks.MavenFrameworkDesign.SubmitOrderTest.submitOrderTest" duration-ms="1861" status="PASS">
          <reporter-output>
          </reporter-output>
        </test-method> <!-- ordeHistoryTest -->
        <test-method is-config="true" signature="tearDown()[pri:0, instance:FrameWorks.MavenFrameworkDesign.SubmitOrderTest@545b995e]" started-at="2024-05-23T20:38:03 IST" name="tearDown" finished-at="2024-05-23T20:38:06 IST" duration-ms="2233" status="PASS">
          <reporter-output>
          </reporter-output>
        </test-method> <!-- tearDown -->
      </class> <!-- FrameWorks.MavenFrameworkDesign.SubmitOrderTest -->
    </test> <!-- Submit Order Test -->
  </suite> <!-- Suite -->
</testng-results>
