<?xml version="1.0" encoding="UTF-8"?>
<!-- Generated by org.testng.reporters.JUnitXMLReporter -->
<testsuite ignored="0" hostname="IN01N03744" failures="0" tests="3" name="Submit Order Test" time="35.886" errors="0" timestamp="2024-05-28T18:24:30 IST">
  <testcase classname="FrameWorks.MavenFrameworkDesign.SubmitOrderTest" name="submitOrderTest" time="3.834"/>
  <testcase classname="FrameWorks.MavenFrameworkDesign.SubmitOrderTest" name="submitOrderTest" time="4.014"/>
  <testcase classname="FrameWorks.MavenFrameworkDesign.SubmitOrderTest" name="ordeHistoryTest" time="0.782"/>
</testsuite> <!-- Submit Order Test -->
