<?xml version="1.0" encoding="UTF-8"?>
<!-- Generated by org.testng.reporters.JUnitXMLReporter -->
<testsuite ignored="0" hostname="CHAITANYA" failures="0" tests="3" name="Submit Order Test" time="24.953" errors="0" timestamp="2024-06-05T07:45:09 IST">
  <testcase classname="FrameWorks.MavenFrameworkDesign.SubmitOrderTest" name="submitOrderTest" time="3.082"/>
  <testcase classname="FrameWorks.MavenFrameworkDesign.SubmitOrderTest" name="submitOrderTest" time="2.817"/>
  <testcase classname="FrameWorks.MavenFrameworkDesign.SubmitOrderTest" name="ordeHistoryTest" time="1.108"/>
</testsuite> <!-- Submit Order Test -->
